c:\users\maxime1907\documents\cpp_spider\client\spider\dll\x64\release\keylogger.pch
c:\users\maxime1907\documents\cpp_spider\client\spider\dll\x64\release\vc141.pdb
c:\users\maxime1907\documents\cpp_spider\client\spider\dll\x64\release\stdafx.obj
c:\users\maxime1907\documents\cpp_spider\client\spider\dll\x64\release\taskmanager.obj
c:\users\maxime1907\documents\cpp_spider\client\spider\dll\x64\release\spider.obj
c:\users\maxime1907\documents\cpp_spider\client\spider\dll\x64\release\process.obj
c:\users\maxime1907\documents\cpp_spider\client\spider\dll\x64\release\mouse.obj
c:\users\maxime1907\documents\cpp_spider\client\spider\dll\x64\release\linuxclient.obj
c:\users\maxime1907\documents\cpp_spider\client\spider\dll\x64\release\keylogger.obj
c:\users\maxime1907\documents\cpp_spider\client\spider\dll\x64\release\keyboard.obj
c:\users\maxime1907\documents\cpp_spider\client\spider\dll\x64\release\dllmain.obj
c:\users\maxime1907\documents\cpp_spider\client\spider\dll\x64\release\comunication.obj
c:\users\user\documents\git\cpp_spider\client\spider\dll\x64\release\keylogger.pch
c:\users\user\documents\git\cpp_spider\client\spider\dll\x64\release\vc141.pdb
c:\users\user\documents\git\cpp_spider\client\spider\dll\x64\release\stdafx.obj
c:\users\user\documents\git\cpp_spider\client\spider\dll\x64\release\taskmanager.obj
c:\users\user\documents\git\cpp_spider\client\spider\dll\x64\release\spider.obj
c:\users\user\documents\git\cpp_spider\client\spider\dll\x64\release\process.obj
c:\users\user\documents\git\cpp_spider\client\spider\dll\x64\release\mouse.obj
c:\users\user\documents\git\cpp_spider\client\spider\dll\x64\release\keylogger.obj
c:\users\user\documents\git\cpp_spider\client\spider\dll\x64\release\keyboard.obj
c:\users\user\documents\git\cpp_spider\client\spider\dll\x64\release\dllmain.obj
c:\users\user\documents\git\cpp_spider\client\spider\dll\x64\release\comunication.obj
c:\users\user\documents\git\cpp_spider\client\spider\dll\x64\release\linuxclient.obj
c:\users\maxime1907\documents\cpp_spider\client\spider\x64\release\keylogger.ipdb
c:\users\maxime1907\documents\cpp_spider\client\spider\x64\release\keylogger.iobj
c:\users\maxime1907\documents\cpp_spider\client\spider\x64\release\keylogger.dll
c:\users\maxime1907\documents\cpp_spider\client\spider\x64\release\keylogger.pdb
c:\users\user\documents\git\cpp_spider\client\spider\dll\x64\release\keylogger.tlog\cl.command.1.tlog
c:\users\user\documents\git\cpp_spider\client\spider\dll\x64\release\keylogger.tlog\cl.read.1.tlog
c:\users\user\documents\git\cpp_spider\client\spider\dll\x64\release\keylogger.tlog\cl.write.1.tlog
c:\users\user\documents\git\cpp_spider\client\spider\dll\x64\release\keylogger.tlog\keylogger.write.1u.tlog
c:\users\user\documents\git\cpp_spider\client\spider\dll\x64\release\keylogger.tlog\link.command.1.tlog
c:\users\user\documents\git\cpp_spider\client\spider\dll\x64\release\keylogger.tlog\link.read.1.tlog
c:\users\user\documents\git\cpp_spider\client\spider\dll\x64\release\keylogger.tlog\link.write.1.tlog
